# JRE version: OpenJDK Runtime Environment Temurin-21.0.11+10 (21.0.11+10) (build 21.0.11+10-LTS)
# Java VM: OpenJDK 64-Bit Server VM Temurin-21.0.11+10 (21.0.11+10-LTS, mixed mode, sharing, tiered, compressed oops, compressed class ptrs, parallel gc, windows-amd64)
GC Precious Log:
 CardTable entry size: 512
 CPUs: 8 total, 8 available
 Memory: 8046M
 Large Page Support: Disabled
 NUMA Support: Disabled
 Compressed Oops: Enabled (32-bit)
 Alignments: Space 512K, Generation 512K, Heap 2M
 Heap Min Capacity: 100M
 Heap Initial Capacity: 100M
 Heap Max Capacity: 2G
 Pre-touch: Disabled
 Parallel Workers: 8
Heap:
 PSYoungGen      total 1536K, used 1203K [0x00000000d5580000, 0x00000000d5b00000, 0x0000000100000000)
  eden space 1024K, 89% used [0x00000000d5580000,0x00000000d5664e08,0x00000000d5680000)
  from space 512K, 56% used [0x00000000d5a80000,0x00000000d5ac8000,0x00000000d5b00000)
  to   space 512K, 0% used [0x00000000d5a00000,0x00000000d5a00000,0x00000000d5a80000)
 ParOldGen       total 123904K, used 116888K [0x0000000080000000, 0x0000000087900000, 0x00000000d5580000)
  object space 123904K, 94% used [0x0000000080000000,0x00000000872263c8,0x0000000087900000)
 Metaspace       used 68800K, committed 70528K, reserved 1114112K
  class space    used 6968K, committed 7680K, reserved 1048576K
GC Heap History (20 events):
Event: 32473.070 GC heap before
{Heap before GC invocations=676 (full 5):
 PSYoungGen      total 5632K, used 5134K [0x00000000d5580000, 0x00000000d6000000, 0x0000000100000000)
  eden space 3072K, 99% used [0x00000000d5580000,0x00000000d587bae8,0x00000000d5880000)
  from space 2560K, 81% used [0x00000000d5d80000,0x00000000d5f88000,0x00000000d6000000)
  to   space 3072K, 0% used [0x00000000d5a00000,0x00000000d5a00000,0x00000000d5d00000)
 ParOldGen       total 92160K, used 77782K [0x0000000080000000, 0x0000000085a00000, 0x00000000d5580000)
  object space 92160K, 84% used [0x0000000080000000,0x0000000084bf5b40,0x0000000085a00000)
 Metaspace       used 68670K, committed 70528K, reserved 1114112K
  class space    used 6948K, committed 7680K, reserved 1048576K
}
Event: 32473.076 GC heap after
{Heap after GC invocations=676 (full 5):
 PSYoungGen      total 5632K, used 2394K [0x00000000d5580000, 0x00000000d5e00000, 0x0000000100000000)
  eden space 3072K, 0% used [0x00000000d5580000,0x00000000d5580000,0x00000000d5880000)
  from space 2560K, 93% used [0x00000000d5a00000,0x00000000d5c56ab8,0x00000000d5c80000)
  to   space 1536K, 0% used [0x00000000d5c80000,0x00000000d5c80000,0x00000000d5e00000)
 ParOldGen       total 92160K, used 79302K [0x0000000080000000, 0x0000000085a00000, 0x00000000d5580000)
  object space 92160K, 86% used [0x0000000080000000,0x0000000084d71b40,0x0000000085a00000)
 Metaspace       used 68670K, committed 70528K, reserved 1114112K
  class space    used 6948K, committed 7680K, reserved 1048576K
}
Event: 32479.662 GC heap before
{Heap before GC invocations=677 (full 5):
 PSYoungGen      total 5632K, used 5466K [0x00000000d5580000, 0x00000000d5e00000, 0x0000000100000000)
  eden space 3072K, 100% used [0x00000000d5580000,0x00000000d5880000,0x00000000d5880000)
  from space 2560K, 93% used [0x00000000d5a00000,0x00000000d5c56ab8,0x00000000d5c80000)
  to   space 1536K, 0% used [0x00000000d5c80000,0x00000000d5c80000,0x00000000d5e00000)
 ParOldGen       total 92160K, used 79302K [0x0000000080000000, 0x0000000085a00000, 0x00000000d5580000)
  object space 92160K, 86% used [0x0000000080000000,0x0000000084d71b40,0x0000000085a00000)
 Metaspace       used 68670K, committed 70528K, reserved 1114112K
  class space    used 6948K, committed 7680K, reserved 1048576K
}
Event: 32479.665 GC heap after
{Heap after GC invocations=677 (full 5):
 PSYoungGen      total 2560K, used 1515K [0x00000000d5580000, 0x00000000d6480000, 0x0000000100000000)
  eden space 1024K, 0% used [0x00000000d5580000,0x00000000d5580000,0x00000000d5680000)
  from space 1536K, 98% used [0x00000000d5c80000,0x00000000d5dfae90,0x00000000d5e00000)
  to   space 6144K, 0% used [0x00000000d5680000,0x00000000d5680000,0x00000000d5c80000)
 ParOldGen       total 92160K, used 83147K [0x0000000080000000, 0x0000000085a00000, 0x00000000d5580000)
  object space 92160K, 90% used [0x0000000080000000,0x0000000085132d28,0x0000000085a00000)
 Metaspace       used 68670K, committed 70528K, reserved 1114112K
  class space    used 6948K, committed 7680K, reserved 1048576K
}
Event: 32480.944 GC heap before
{Heap before GC invocations=678 (full 5):
 PSYoungGen      total 2560K, used 2516K [0x00000000d5580000, 0x00000000d6480000, 0x0000000100000000)
  eden space 1024K, 97% used [0x00000000d5580000,0x00000000d567a4d0,0x00000000d5680000)
  from space 1536K, 98% used [0x00000000d5c80000,0x00000000d5dfae90,0x00000000d5e00000)
  to   space 6144K, 0% used [0x00000000d5680000,0x00000000d5680000,0x00000000d5c80000)
 ParOldGen       total 92160K, used 83147K [0x0000000080000000, 0x0000000085a00000, 0x00000000d5580000)
  object space 92160K, 90% used [0x0000000080000000,0x0000000085132d28,0x0000000085a00000)
 Metaspace       used 68671K, committed 70528K, reserved 1114112K
  class space    used 6948K, committed 7680K, reserved 1048576K
}
Event: 32480.947 GC heap after
{Heap after GC invocations=678 (full 5):
 PSYoungGen      total 2048K, used 883K [0x00000000d5580000, 0x00000000d5d00000, 0x0000000100000000)
  eden space 1024K, 0% used [0x00000000d5580000,0x00000000d5580000,0x00000000d5680000)
  from space 1024K, 86% used [0x00000000d5680000,0x00000000d575ce10,0x00000000d5780000)
  to   space 2560K, 0% used [0x00000000d5a80000,0x00000000d5a80000,0x00000000d5d00000)
 ParOldGen       total 92160K, used 84638K [0x0000000080000000, 0x0000000085a00000, 0x00000000d5580000)
  object space 92160K, 91% used [0x0000000080000000,0x00000000852a7bd8,0x0000000085a00000)
 Metaspace       used 68671K, committed 70528K, reserved 1114112K
  class space    used 6948K, committed 7680K, reserved 1048576K
}
Event: 32481.104 GC heap before
{Heap before GC invocations=679 (full 5):
 PSYoungGen      total 2048K, used 1907K [0x00000000d5580000, 0x00000000d5d00000, 0x0000000100000000)
  eden space 1024K, 99% used [0x00000000d5580000,0x00000000d567fff8,0x00000000d5680000)
  from space 1024K, 86% used [0x00000000d5680000,0x00000000d575ce10,0x00000000d5780000)
  to   space 2560K, 0% used [0x00000000d5a80000,0x00000000d5a80000,0x00000000d5d00000)
 ParOldGen       total 92160K, used 84638K [0x0000000080000000, 0x0000000085a00000, 0x00000000d5580000)
  object space 92160K, 91% used [0x0000000080000000,0x00000000852a7bd8,0x0000000085a00000)
 Metaspace       used 68671K, committed 70528K, reserved 1114112K
  class space    used 6948K, committed 7680K, reserved 1048576K
}
Event: 32481.106 GC heap after
{Heap after GC invocations=679 (full 5):
 PSYoungGen      total 1536K, used 339K [0x00000000d5580000, 0x00000000d5b00000, 0x0000000100000000)
  eden space 1024K, 0% used [0x00000000d5580000,0x00000000d5580000,0x00000000d5680000)
  from space 512K, 66% used [0x00000000d5a80000,0x00000000d5ad4dc0,0x00000000d5b00000)
  to   space 1024K, 0% used [0x00000000d5900000,0x00000000d5900000,0x00000000d5a00000)
 ParOldGen       total 92160K, used 85361K [0x0000000080000000, 0x0000000085a00000, 0x00000000d5580000)
  object space 92160K, 92% used [0x0000000080000000,0x000000008535c728,0x0000000085a00000)
 Metaspace       used 68671K, committed 70528K, reserved 1114112K
  class space    used 6948K, committed 7680K, reserved 1048576K
}
Event: 32481.216 GC heap before
{Heap before GC invocations=680 (full 5):
 PSYoungGen      total 1536K, used 1363K [0x00000000d5580000, 0x00000000d5b00000, 0x0000000100000000)
  eden space 1024K, 99% used [0x00000000d5580000,0x00000000d567ffc8,0x00000000d5680000)
  from space 512K, 66% used [0x00000000d5a80000,0x00000000d5ad4dc0,0x00000000d5b00000)
  to   space 1024K, 0% used [0x00000000d5900000,0x00000000d5900000,0x00000000d5a00000)
 ParOldGen       total 92160K, used 85361K [0x0000000080000000, 0x0000000085a00000, 0x00000000d5580000)
  object space 92160K, 92% used [0x0000000080000000,0x000000008535c728,0x0000000085a00000)
 Metaspace       used 68684K, committed 70528K, reserved 1114112K
  class space    used 6951K, committed 7680K, reserved 1048576K
}
Event: 32481.217 GC heap after
{Heap after GC invocations=680 (full 5):
 PSYoungGen      total 2048K, used 352K [0x00000000d5580000, 0x00000000d5b00000, 0x0000000100000000)
  eden space 1024K, 0% used [0x00000000d5580000,0x00000000d5580000,0x00000000d5680000)
  from space 1024K, 34% used [0x00000000d5900000,0x00000000d5958000,0x00000000d5a00000)
  to   space 512K, 0% used [0x00000000d5a80000,0x00000000d5a80000,0x00000000d5b00000)
 ParOldGen       total 92160K, used 85553K [0x0000000080000000, 0x0000000085a00000, 0x00000000d5580000)
  object space 92160K, 92% used [0x0000000080000000,0x000000008538c738,0x0000000085a00000)
 Metaspace       used 68684K, committed 70528K, reserved 1114112K
  class space    used 6951K, committed 7680K, reserved 1048576K
}
Event: 32481.303 GC heap before
{Heap before GC invocations=681 (full 5):
 PSYoungGen      total 2048K, used 1376K [0x00000000d5580000, 0x00000000d5b00000, 0x0000000100000000)
  eden space 1024K, 100% used [0x00000000d5580000,0x00000000d5680000,0x00000000d5680000)
  from space 1024K, 34% used [0x00000000d5900000,0x00000000d5958000,0x00000000d5a00000)
  to   space 512K, 0% used [0x00000000d5a80000,0x00000000d5a80000,0x00000000d5b00000)
 ParOldGen       total 123904K, used 116273K [0x0000000080000000, 0x0000000087900000, 0x00000000d5580000)
  object space 123904K, 93% used [0x0000000080000000,0x000000008718c768,0x0000000087900000)
 Metaspace       used 68685K, committed 70528K, reserved 1114112K
  class space    used 6951K, committed 7680K, reserved 1048576K
}
Event: 32481.304 GC heap after
{Heap after GC invocations=681 (full 5):
 PSYoungGen      total 1536K, used 256K [0x00000000d5580000, 0x00000000d5b00000, 0x0000000100000000)
  eden space 1024K, 0% used [0x00000000d5580000,0x00000000d5580000,0x00000000d5680000)
  from space 512K, 50% used [0x00000000d5a80000,0x00000000d5ac0000,0x00000000d5b00000)
  to   space 512K, 0% used [0x00000000d5a00000,0x00000000d5a00000,0x00000000d5a80000)
 ParOldGen       total 123904K, used 116465K [0x0000000080000000, 0x0000000087900000, 0x00000000d5580000)
  object space 123904K, 93% used [0x0000000080000000,0x00000000871bc788,0x0000000087900000)
 Metaspace       used 68685K, committed 70528K, reserved 1114112K
  class space    used 6951K, committed 7680K, reserved 1048576K
}
Event: 32766.220 GC heap before
{Heap before GC invocations=682 (full 5):
 PSYoungGen      total 1536K, used 1279K [0x00000000d5580000, 0x00000000d5b00000, 0x0000000100000000)
  eden space 1024K, 99% used [0x00000000d5580000,0x00000000d567ff18,0x00000000d5680000)
  from space 512K, 50% used [0x00000000d5a80000,0x00000000d5ac0000,0x00000000d5b00000)
  to   space 512K, 0% used [0x00000000d5a00000,0x00000000d5a00000,0x00000000d5a80000)
 ParOldGen       total 123904K, used 116465K [0x0000000080000000, 0x0000000087900000, 0x00000000d5580000)
  object space 123904K, 93% used [0x0000000080000000,0x00000000871bc788,0x0000000087900000)
 Metaspace       used 68687K, committed 70528K, reserved 1114112K
  class space    used 6951K, committed 7680K, reserved 1048576K
}
Event: 32766.309 GC heap after
{Heap after GC invocations=682 (full 5):
 PSYoungGen      total 1536K, used 224K [0x00000000d5580000, 0x00000000d5b00000, 0x0000000100000000)
  eden space 1024K, 0% used [0x00000000d5580000,0x00000000d5580000,0x00000000d5680000)
  from space 512K, 43% used [0x00000000d5a00000,0x00000000d5a38000,0x00000000d5a80000)
  to   space 512K, 0% used [0x00000000d5a80000,0x00000000d5a80000,0x00000000d5b00000)
 ParOldGen       total 123904K, used 116557K [0x0000000080000000, 0x0000000087900000, 0x00000000d5580000)
  object space 123904K, 94% used [0x0000000080000000,0x00000000871d3798,0x0000000087900000)
 Metaspace       used 68687K, committed 70528K, reserved 1114112K
  class space    used 6951K, committed 7680K, reserved 1048576K
}
Event: 32766.642 GC heap before
{Heap before GC invocations=683 (full 5):
 PSYoungGen      total 1536K, used 1248K [0x00000000d5580000, 0x00000000d5b00000, 0x0000000100000000)
  eden space 1024K, 100% used [0x00000000d5580000,0x00000000d5680000,0x00000000d5680000)
  from space 512K, 43% used [0x00000000d5a00000,0x00000000d5a38000,0x00000000d5a80000)
  to   space 512K, 0% used [0x00000000d5a80000,0x00000000d5a80000,0x00000000d5b00000)
 ParOldGen       total 123904K, used 116557K [0x0000000080000000, 0x0000000087900000, 0x00000000d5580000)
  object space 123904K, 94% used [0x0000000080000000,0x00000000871d3798,0x0000000087900000)
 Metaspace       used 68690K, committed 70528K, reserved 1114112K
  class space    used 6951K, committed 7680K, reserved 1048576K
}
Event: 32766.649 GC heap after
{Heap after GC invocations=683 (full 5):
 PSYoungGen      total 1536K, used 224K [0x00000000d5580000, 0x00000000d5b00000, 0x0000000100000000)
  eden space 1024K, 0% used [0x00000000d5580000,0x00000000d5580000,0x00000000d5680000)
  from space 512K, 43% used [0x00000000d5a80000,0x00000000d5ab8000,0x00000000d5b00000)
  to   space 512K, 0% used [0x00000000d5a00000,0x00000000d5a00000,0x00000000d5a80000)
 ParOldGen       total 123904K, used 116621K [0x0000000080000000, 0x0000000087900000, 0x00000000d5580000)
  object space 123904K, 94% used [0x0000000080000000,0x00000000871e3798,0x0000000087900000)
 Metaspace       used 68690K, committed 70528K, reserved 1114112K
  class space    used 6951K, committed 7680K, reserved 1048576K
}
Event: 32767.049 GC heap before
{Heap before GC invocations=684 (full 5):
 PSYoungGen      total 1536K, used 1247K [0x00000000d5580000, 0x00000000d5b00000, 0x0000000100000000)
  eden space 1024K, 99% used [0x00000000d5580000,0x00000000d567ffc0,0x00000000d5680000)
  from space 512K, 43% used [0x00000000d5a80000,0x00000000d5ab8000,0x00000000d5b00000)
  to   space 512K, 0% used [0x00000000d5a00000,0x00000000d5a00000,0x00000000d5a80000)
 ParOldGen       total 123904K, used 116621K [0x0000000080000000, 0x0000000087900000, 0x00000000d5580000)
  object space 123904K, 94% used [0x0000000080000000,0x00000000871e3798,0x0000000087900000)
 Metaspace       used 68750K, committed 70528K, reserved 1114112K
  class space    used 6961K, committed 7680K, reserved 1048576K
}
Event: 32767.052 GC heap after
{Heap after GC invocations=684 (full 5):
 PSYoungGen      total 1536K, used 320K [0x00000000d5580000, 0x00000000d5b00000, 0x0000000100000000)
  eden space 1024K, 0% used [0x00000000d5580000,0x00000000d5580000,0x00000000d5680000)
  from space 512K, 62% used [0x00000000d5a00000,0x00000000d5a50000,0x00000000d5a80000)
  to   space 512K, 0% used [0x00000000d5a80000,0x00000000d5a80000,0x00000000d5b00000)
 ParOldGen       total 123904K, used 116693K [0x0000000080000000, 0x0000000087900000, 0x00000000d5580000)
  object space 123904K, 94% used [0x0000000080000000,0x00000000871f57a8,0x0000000087900000)
 Metaspace       used 68750K, committed 70528K, reserved 1114112K
  class space    used 6961K, committed 7680K, reserved 1048576K
}
Event: 32767.513 GC heap before
{Heap before GC invocations=685 (full 5):
 PSYoungGen      total 1536K, used 1344K [0x00000000d5580000, 0x00000000d5b00000, 0x0000000100000000)
  eden space 1024K, 100% used [0x00000000d5580000,0x00000000d5680000,0x00000000d5680000)
  from space 512K, 62% used [0x00000000d5a00000,0x00000000d5a50000,0x00000000d5a80000)
  to   space 512K, 0% used [0x00000000d5a80000,0x00000000d5a80000,0x00000000d5b00000)
 ParOldGen       total 123904K, used 116693K [0x0000000080000000, 0x0000000087900000, 0x00000000d5580000)
  object space 123904K, 94% used [0x0000000080000000,0x00000000871f57a8,0x0000000087900000)
 Metaspace       used 68799K, committed 70528K, reserved 1114112K
  class space    used 6968K, committed 7680K, reserved 1048576K
}
Event: 32767.515 GC heap after
{Heap after GC invocations=685 (full 5):
 PSYoungGen      total 1536K, used 288K [0x00000000d5580000, 0x00000000d5b00000, 0x0000000100000000)
  eden space 1024K, 0% used [0x00000000d5580000,0x00000000d5580000,0x00000000d5680000)
  from space 512K, 56% used [0x00000000d5a80000,0x00000000d5ac8000,0x00000000d5b00000)
  to   space 512K, 0% used [0x00000000d5a00000,0x00000000d5a00000,0x00000000d5a80000)
 ParOldGen       total 123904K, used 116888K [0x0000000080000000, 0x0000000087900000, 0x00000000d5580000)
  object space 123904K, 94% used [0x0000000080000000,0x00000000872263c8,0x0000000087900000)
 Metaspace       used 68799K, committed 70528K, reserved 1114112K
  class space    used 6968K, committed 7680K, reserved 1048576K
}

