# JRE version: OpenJDK Runtime Environment Temurin-21.0.11+10 (21.0.11+10) (build 21.0.11+10-LTS)
# Java VM: OpenJDK 64-Bit Server VM Temurin-21.0.11+10 (21.0.11+10-LTS, mixed mode, sharing, tiered, compressed oops, compressed class ptrs, parallel gc, windows-amd64)
GC Precious Log:
 CardTable entry size: 512
 CPUs: 8 total, 8 available
 Memory: 8046M
 Large Page Support: Disabled
 NUMA Support: Disabled
 Compressed Oops: Enabled (32-bit)
 Alignments: Space 512K, Generation 512K, Heap 2M
 Heap Min Capacity: 100M
 Heap Initial Capacity: 100M
 Heap Max Capacity: 2G
 Pre-touch: Disabled
 Parallel Workers: 8
Heap:
 PSYoungGen      total 15872K, used 878K [0x00000000d5580000, 0x00000000d6780000, 0x0000000100000000)
  eden space 14336K, 4% used [0x00000000d5580000,0x00000000d561d038,0x00000000d6380000)
  from space 1536K, 16% used [0x00000000d6500000,0x00000000d653e8b8,0x00000000d6680000)
  to   space 1024K, 0% used [0x00000000d6680000,0x00000000d6680000,0x00000000d6780000)
 ParOldGen       total 74752K, used 74368K [0x0000000080000000, 0x0000000084900000, 0x00000000d5580000)
  object space 74752K, 99% used [0x0000000080000000,0x00000000848a0048,0x0000000084900000)
 Metaspace       used 69309K, committed 70720K, reserved 1114112K
  class space    used 7396K, committed 8000K, reserved 1048576K
GC Heap History (20 events):
Event: 76.562 GC heap before
{Heap before GC invocations=51 (full 3):
 PSYoungGen      total 20480K, used 20133K [0x00000000d5580000, 0x00000000d6b00000, 0x0000000100000000)
  eden space 18944K, 99% used [0x00000000d5580000,0x00000000d67fd5f8,0x00000000d6800000)
  from space 1536K, 78% used [0x00000000d6900000,0x00000000d6a2c010,0x00000000d6a80000)
  to   space 512K, 0% used [0x00000000d6a80000,0x00000000d6a80000,0x00000000d6b00000)
 ParOldGen       total 68608K, used 63568K [0x0000000080000000, 0x0000000084300000, 0x00000000d5580000)
  object space 68608K, 92% used [0x0000000080000000,0x0000000083e14378,0x0000000084300000)
 Metaspace       used 62479K, committed 63872K, reserved 1114112K
  class space    used 6722K, committed 7296K, reserved 1048576K
}
Event: 76.565 GC heap after
{Heap after GC invocations=51 (full 3):
 PSYoungGen      total 19456K, used 512K [0x00000000d5580000, 0x00000000d6d00000, 0x0000000100000000)
  eden space 18944K, 0% used [0x00000000d5580000,0x00000000d5580000,0x00000000d6800000)
  from space 512K, 100% used [0x00000000d6a80000,0x00000000d6b00000,0x00000000d6b00000)
  to   space 2560K, 0% used [0x00000000d6800000,0x00000000d6800000,0x00000000d6a80000)
 ParOldGen       total 68608K, used 65393K [0x0000000080000000, 0x0000000084300000, 0x00000000d5580000)
  object space 68608K, 95% used [0x0000000080000000,0x0000000083fdc698,0x0000000084300000)
 Metaspace       used 62479K, committed 63872K, reserved 1114112K
  class space    used 6722K, committed 7296K, reserved 1048576K
}
Event: 79.850 GC heap before
{Heap before GC invocations=52 (full 3):
 PSYoungGen      total 19456K, used 19456K [0x00000000d5580000, 0x00000000d6d00000, 0x0000000100000000)
  eden space 18944K, 100% used [0x00000000d5580000,0x00000000d6800000,0x00000000d6800000)
  from space 512K, 100% used [0x00000000d6a80000,0x00000000d6b00000,0x00000000d6b00000)
  to   space 2560K, 0% used [0x00000000d6800000,0x00000000d6800000,0x00000000d6a80000)
 ParOldGen       total 68608K, used 65393K [0x0000000080000000, 0x0000000084300000, 0x00000000d5580000)
  object space 68608K, 95% used [0x0000000080000000,0x0000000083fdc698,0x0000000084300000)
 Metaspace       used 63303K, committed 64768K, reserved 1114112K
  class space    used 6804K, committed 7424K, reserved 1048576K
}
Event: 79.852 GC heap after
{Heap after GC invocations=52 (full 3):
 PSYoungGen      total 20480K, used 1297K [0x00000000d5580000, 0x00000000d6c00000, 0x0000000100000000)
  eden space 18944K, 0% used [0x00000000d5580000,0x00000000d5580000,0x00000000d6800000)
  from space 1536K, 84% used [0x00000000d6800000,0x00000000d6944768,0x00000000d6980000)
  to   space 2048K, 0% used [0x00000000d6a00000,0x00000000d6a00000,0x00000000d6c00000)
 ParOldGen       total 68608K, used 65813K [0x0000000080000000, 0x0000000084300000, 0x00000000d5580000)
  object space 68608K, 95% used [0x0000000080000000,0x00000000840456a8,0x0000000084300000)
 Metaspace       used 63303K, committed 64768K, reserved 1114112K
  class space    used 6804K, committed 7424K, reserved 1048576K
}
Event: 80.686 GC heap before
{Heap before GC invocations=53 (full 3):
 PSYoungGen      total 20480K, used 20241K [0x00000000d5580000, 0x00000000d6c00000, 0x0000000100000000)
  eden space 18944K, 99% used [0x00000000d5580000,0x00000000d67ffff0,0x00000000d6800000)
  from space 1536K, 84% used [0x00000000d6800000,0x00000000d6944768,0x00000000d6980000)
  to   space 2048K, 0% used [0x00000000d6a00000,0x00000000d6a00000,0x00000000d6c00000)
 ParOldGen       total 68608K, used 65813K [0x0000000080000000, 0x0000000084300000, 0x00000000d5580000)
  object space 68608K, 95% used [0x0000000080000000,0x00000000840456a8,0x0000000084300000)
 Metaspace       used 65265K, committed 66752K, reserved 1114112K
  class space    used 7033K, committed 7616K, reserved 1048576K
}
Event: 80.689 GC heap after
{Heap after GC invocations=53 (full 3):
 PSYoungGen      total 19968K, used 704K [0x00000000d5580000, 0x00000000d6b00000, 0x0000000100000000)
  eden space 18944K, 0% used [0x00000000d5580000,0x00000000d5580000,0x00000000d6800000)
  from space 1024K, 68% used [0x00000000d6a00000,0x00000000d6ab0020,0x00000000d6b00000)
  to   space 1024K, 0% used [0x00000000d6900000,0x00000000d6900000,0x00000000d6a00000)
 ParOldGen       total 68608K, used 66917K [0x0000000080000000, 0x0000000084300000, 0x00000000d5580000)
  object space 68608K, 97% used [0x0000000080000000,0x0000000084159788,0x0000000084300000)
 Metaspace       used 65265K, committed 66752K, reserved 1114112K
  class space    used 7033K, committed 7616K, reserved 1048576K
}
Event: 81.097 GC heap before
{Heap before GC invocations=54 (full 3):
 PSYoungGen      total 19968K, used 19648K [0x00000000d5580000, 0x00000000d6b00000, 0x0000000100000000)
  eden space 18944K, 100% used [0x00000000d5580000,0x00000000d6800000,0x00000000d6800000)
  from space 1024K, 68% used [0x00000000d6a00000,0x00000000d6ab0020,0x00000000d6b00000)
  to   space 1024K, 0% used [0x00000000d6900000,0x00000000d6900000,0x00000000d6a00000)
 ParOldGen       total 68608K, used 66917K [0x0000000080000000, 0x0000000084300000, 0x00000000d5580000)
  object space 68608K, 97% used [0x0000000080000000,0x0000000084159788,0x0000000084300000)
 Metaspace       used 66337K, committed 67840K, reserved 1114112K
  class space    used 7147K, committed 7744K, reserved 1048576K
}
Event: 81.099 GC heap after
{Heap after GC invocations=54 (full 3):
 PSYoungGen      total 19968K, used 926K [0x00000000d5580000, 0x00000000d6a80000, 0x0000000100000000)
  eden space 18944K, 0% used [0x00000000d5580000,0x00000000d5580000,0x00000000d6800000)
  from space 1024K, 90% used [0x00000000d6900000,0x00000000d69e7b30,0x00000000d6a00000)
  to   space 512K, 0% used [0x00000000d6a00000,0x00000000d6a00000,0x00000000d6a80000)
 ParOldGen       total 68608K, used 67406K [0x0000000080000000, 0x0000000084300000, 0x00000000d5580000)
  object space 68608K, 98% used [0x0000000080000000,0x00000000841d3938,0x0000000084300000)
 Metaspace       used 66337K, committed 67840K, reserved 1114112K
  class space    used 7147K, committed 7744K, reserved 1048576K
}
Event: 81.412 GC heap before
{Heap before GC invocations=55 (full 3):
 PSYoungGen      total 19968K, used 19870K [0x00000000d5580000, 0x00000000d6a80000, 0x0000000100000000)
  eden space 18944K, 100% used [0x00000000d5580000,0x00000000d6800000,0x00000000d6800000)
  from space 1024K, 90% used [0x00000000d6900000,0x00000000d69e7b30,0x00000000d6a00000)
  to   space 512K, 0% used [0x00000000d6a00000,0x00000000d6a00000,0x00000000d6a80000)
 ParOldGen       total 68608K, used 67406K [0x0000000080000000, 0x0000000084300000, 0x00000000d5580000)
  object space 68608K, 98% used [0x0000000080000000,0x00000000841d3938,0x0000000084300000)
 Metaspace       used 67129K, committed 68608K, reserved 1114112K
  class space    used 7211K, committed 7808K, reserved 1048576K
}
Event: 81.417 GC heap after
{Heap after GC invocations=55 (full 3):
 PSYoungGen      total 14848K, used 512K [0x00000000d5580000, 0x00000000d7500000, 0x0000000100000000)
  eden space 14336K, 0% used [0x00000000d5580000,0x00000000d5580000,0x00000000d6380000)
  from space 512K, 100% used [0x00000000d6a00000,0x00000000d6a80000,0x00000000d6a80000)
  to   space 6656K, 0% used [0x00000000d6380000,0x00000000d6380000,0x00000000d6a00000)
 ParOldGen       total 72704K, used 72684K [0x0000000080000000, 0x0000000084700000, 0x00000000d5580000)
  object space 72704K, 99% used [0x0000000080000000,0x00000000846fb2a8,0x0000000084700000)
 Metaspace       used 67129K, committed 68608K, reserved 1114112K
  class space    used 7211K, committed 7808K, reserved 1048576K
}
Event: 81.554 GC heap before
{Heap before GC invocations=56 (full 3):
 PSYoungGen      total 14848K, used 14848K [0x00000000d5580000, 0x00000000d7500000, 0x0000000100000000)
  eden space 14336K, 100% used [0x00000000d5580000,0x00000000d6380000,0x00000000d6380000)
  from space 512K, 100% used [0x00000000d6a00000,0x00000000d6a80000,0x00000000d6a80000)
  to   space 6656K, 0% used [0x00000000d6380000,0x00000000d6380000,0x00000000d6a00000)
 ParOldGen       total 72704K, used 72684K [0x0000000080000000, 0x0000000084700000, 0x00000000d5580000)
  object space 72704K, 99% used [0x0000000080000000,0x00000000846fb2a8,0x0000000084700000)
 Metaspace       used 67158K, committed 68672K, reserved 1114112K
  class space    used 7211K, committed 7808K, reserved 1048576K
}
Event: 81.557 GC heap after
{Heap after GC invocations=56 (full 3):
 PSYoungGen      total 15872K, used 1489K [0x00000000d5580000, 0x00000000d6a80000, 0x0000000100000000)
  eden space 14336K, 0% used [0x00000000d5580000,0x00000000d5580000,0x00000000d6380000)
  from space 1536K, 97% used [0x00000000d6380000,0x00000000d64f47d0,0x00000000d6500000)
  to   space 3072K, 0% used [0x00000000d6780000,0x00000000d6780000,0x00000000d6a80000)
 ParOldGen       total 73728K, used 73232K [0x0000000080000000, 0x0000000084800000, 0x00000000d5580000)
  object space 73728K, 99% used [0x0000000080000000,0x0000000084784330,0x0000000084800000)
 Metaspace       used 67158K, committed 68672K, reserved 1114112K
  class space    used 7211K, committed 7808K, reserved 1048576K
}
Event: 81.677 GC heap before
{Heap before GC invocations=57 (full 3):
 PSYoungGen      total 15872K, used 15825K [0x00000000d5580000, 0x00000000d6a80000, 0x0000000100000000)
  eden space 14336K, 100% used [0x00000000d5580000,0x00000000d6380000,0x00000000d6380000)
  from space 1536K, 97% used [0x00000000d6380000,0x00000000d64f47d0,0x00000000d6500000)
  to   space 3072K, 0% used [0x00000000d6780000,0x00000000d6780000,0x00000000d6a80000)
 ParOldGen       total 73728K, used 73232K [0x0000000080000000, 0x0000000084800000, 0x00000000d5580000)
  object space 73728K, 99% used [0x0000000080000000,0x0000000084784330,0x0000000084800000)
 Metaspace       used 67161K, committed 68672K, reserved 1114112K
  class space    used 7211K, committed 7808K, reserved 1048576K
}
Event: 81.679 GC heap after
{Heap after GC invocations=57 (full 3):
 PSYoungGen      total 15360K, used 809K [0x00000000d5580000, 0x00000000d6880000, 0x0000000100000000)
  eden space 14336K, 0% used [0x00000000d5580000,0x00000000d5580000,0x00000000d6380000)
  from space 1024K, 79% used [0x00000000d6780000,0x00000000d684a740,0x00000000d6880000)
  to   space 1536K, 0% used [0x00000000d6580000,0x00000000d6580000,0x00000000d6700000)
 ParOldGen       total 74240K, used 73809K [0x0000000080000000, 0x0000000084880000, 0x00000000d5580000)
  object space 74240K, 99% used [0x0000000080000000,0x0000000084814710,0x0000000084880000)
 Metaspace       used 67161K, committed 68672K, reserved 1114112K
  class space    used 7211K, committed 7808K, reserved 1048576K
}
Event: 81.889 GC heap before
{Heap before GC invocations=58 (full 3):
 PSYoungGen      total 15360K, used 15145K [0x00000000d5580000, 0x00000000d6880000, 0x0000000100000000)
  eden space 14336K, 100% used [0x00000000d5580000,0x00000000d6380000,0x00000000d6380000)
  from space 1024K, 79% used [0x00000000d6780000,0x00000000d684a740,0x00000000d6880000)
  to   space 1536K, 0% used [0x00000000d6580000,0x00000000d6580000,0x00000000d6700000)
 ParOldGen       total 74240K, used 73809K [0x0000000080000000, 0x0000000084880000, 0x00000000d5580000)
  object space 74240K, 99% used [0x0000000080000000,0x0000000084814710,0x0000000084880000)
 Metaspace       used 68567K, committed 70080K, reserved 1114112K
  class space    used 7332K, committed 7936K, reserved 1048576K
}
Event: 81.891 GC heap after
{Heap after GC invocations=58 (full 3):
 PSYoungGen      total 15872K, used 474K [0x00000000d5580000, 0x00000000d6800000, 0x0000000100000000)
  eden space 14336K, 0% used [0x00000000d5580000,0x00000000d5580000,0x00000000d6380000)
  from space 1536K, 30% used [0x00000000d6580000,0x00000000d65f6920,0x00000000d6700000)
  to   space 1024K, 0% used [0x00000000d6700000,0x00000000d6700000,0x00000000d6800000)
 ParOldGen       total 74240K, used 73817K [0x0000000080000000, 0x0000000084880000, 0x00000000d5580000)
  object space 74240K, 99% used [0x0000000080000000,0x0000000084816710,0x0000000084880000)
 Metaspace       used 68567K, committed 70080K, reserved 1114112K
  class space    used 7332K, committed 7936K, reserved 1048576K
}
Event: 82.287 GC heap before
{Heap before GC invocations=59 (full 3):
 PSYoungGen      total 15872K, used 14805K [0x00000000d5580000, 0x00000000d6800000, 0x0000000100000000)
  eden space 14336K, 99% used [0x00000000d5580000,0x00000000d637ecd0,0x00000000d6380000)
  from space 1536K, 30% used [0x00000000d6580000,0x00000000d65f6920,0x00000000d6700000)
  to   space 1024K, 0% used [0x00000000d6700000,0x00000000d6700000,0x00000000d6800000)
 ParOldGen       total 74240K, used 73817K [0x0000000080000000, 0x0000000084880000, 0x00000000d5580000)
  object space 74240K, 99% used [0x0000000080000000,0x0000000084816710,0x0000000084880000)
 Metaspace       used 69154K, committed 70656K, reserved 1114112K
  class space    used 7384K, committed 8000K, reserved 1048576K
}
Event: 82.289 GC heap after
{Heap after GC invocations=59 (full 3):
 PSYoungGen      total 15360K, used 977K [0x00000000d5580000, 0x00000000d6800000, 0x0000000100000000)
  eden space 14336K, 0% used [0x00000000d5580000,0x00000000d5580000,0x00000000d6380000)
  from space 1024K, 95% used [0x00000000d6700000,0x00000000d67f4710,0x00000000d6800000)
  to   space 1536K, 0% used [0x00000000d6500000,0x00000000d6500000,0x00000000d6680000)
 ParOldGen       total 74240K, used 74147K [0x0000000080000000, 0x0000000084880000, 0x00000000d5580000)
  object space 74240K, 99% used [0x0000000080000000,0x0000000084868db0,0x0000000084880000)
 Metaspace       used 69154K, committed 70656K, reserved 1114112K
  class space    used 7384K, committed 8000K, reserved 1048576K
}
Event: 83.077 GC heap before
{Heap before GC invocations=60 (full 3):
 PSYoungGen      total 15360K, used 15311K [0x00000000d5580000, 0x00000000d6800000, 0x0000000100000000)
  eden space 14336K, 99% used [0x00000000d5580000,0x00000000d637f528,0x00000000d6380000)
  from space 1024K, 95% used [0x00000000d6700000,0x00000000d67f4710,0x00000000d6800000)
  to   space 1536K, 0% used [0x00000000d6500000,0x00000000d6500000,0x00000000d6680000)
 ParOldGen       total 74240K, used 74147K [0x0000000080000000, 0x0000000084880000, 0x00000000d5580000)
  object space 74240K, 99% used [0x0000000080000000,0x0000000084868db0,0x0000000084880000)
 Metaspace       used 69259K, committed 70720K, reserved 1114112K
  class space    used 7392K, committed 8000K, reserved 1048576K
}
Event: 83.078 GC heap after
{Heap after GC invocations=60 (full 3):
 PSYoungGen      total 15872K, used 250K [0x00000000d5580000, 0x00000000d6780000, 0x0000000100000000)
  eden space 14336K, 0% used [0x00000000d5580000,0x00000000d5580000,0x00000000d6380000)
  from space 1536K, 16% used [0x00000000d6500000,0x00000000d653e8b8,0x00000000d6680000)
  to   space 1024K, 0% used [0x00000000d6680000,0x00000000d6680000,0x00000000d6780000)
 ParOldGen       total 74752K, used 74368K [0x0000000080000000, 0x0000000084900000, 0x00000000d5580000)
  object space 74752K, 99% used [0x0000000080000000,0x00000000848a0048,0x0000000084900000)
 Metaspace       used 69259K, committed 70720K, reserved 1114112K
  class space    used 7392K, committed 8000K, reserved 1048576K
}

